#
# There is insufficient memory for the Java Runtime Environment to continue.
# Native memory allocation (mmap) failed to map 257949696 bytes for G1 virtual space
# Possible reasons:
#   The system is out of physical RAM or swap space
#   The process is running with CompressedOops enabled, and the Java Heap may be blocking the growth of the native heap
# Possible solutions:
#   Reduce memory load on the system
#   Increase physical memory or swap space
#   Check if swap backing store is full
#   Decrease Java heap size (-Xmx/-Xms)
#   Decrease number of Java threads
#   Decrease Java thread stack sizes (-Xss)
#   Set larger code cache with -XX:ReservedCodeCacheSize=
#   JVM is running with Zero Based Compressed Oops mode in which the Java heap is
#     placed in the first 32GB address space. The Java Heap base address is the
#     maximum limit for the native heap growth. Please use -XX:HeapBaseMinAddress
#     to set the Java Heap base and to place the Java Heap above 32GB virtual address.
# This output file may be truncated or incomplete.
#
#  Out of Memory Error (os_windows.cpp:3753), pid=26056, tid=6212
#
# JRE version:  (17.0.4+7) (build )
# Java VM: OpenJDK 64-Bit Server VM (17.0.4+7-b469.44, mixed mode, sharing, tiered, compressed oops, compressed class ptrs, g1 gc, windows-amd64)
# No core dump will be written. Minidumps are not enabled by default on client versions of Windows
#

---------------  S U M M A R Y ------------

Command Line: git4idea.http.GitAskPassApp Username for 'https://github.com': 

Host: AMD Ryzen 7 4800H with Radeon Graphics         , 16 cores, 15G,  Windows 10 , 64 bit Build 19041 (10.0.19041.1889)
Time: Tue Nov 29 13:29:36 2022 Central European Standard Time elapsed time: 0.009203 seconds (0d 0h 0m 0s)

---------------  T H R E A D  ---------------

Current thread (0x000002312f555a20):  JavaThread "Unknown thread" [_thread_in_vm, id=6212, stack(0x0000006f01200000,0x0000006f01300000)]

Stack: [0x0000006f01200000,0x0000006f01300000]
Native frames: (J=compiled Java code, j=interpreted, Vv=VM code, C=native code)
V  [jvm.dll+0x68335a]
V  [jvm.dll+0x83f9c4]
V  [jvm.dll+0x84116e]
V  [jvm.dll+0x8417d3]
V  [jvm.dll+0x249405]
V  [jvm.dll+0x680229]
V  [jvm.dll+0x67486a]
V  [jvm.dll+0x3091ab]
V  [jvm.dll+0x310666]
V  [jvm.dll+0x36064e]
V  [jvm.dll+0x36087f]
V  [jvm.dll+0x2df298]
V  [jvm.dll+0x2e0204]
V  [jvm.dll+0x8111b1]
V  [jvm.dll+0x36e4a1]
V  [jvm.dll+0x7f058c]
V  [jvm.dll+0x3f15bf]
V  [jvm.dll+0x3f3101]
C  [jli.dll+0x526b]
C  [ucrtbase.dll+0x21bb2]
C  [KERNEL32.DLL+0x17034]
C  [ntdll.dll+0x526a1]


---------------  P R O C E S S  ---------------

Threads class SMR info:
_java_thread_list=0x00007fff01647f18, length=0, elements={
}

Java Threads: ( => current thread )

Other Threads:
  0x000002312f5c0130 GCTaskThread "GC Thread#0" [stack: 0x0000006f01300000,0x0000006f01400000] [id=24824]
  0x000002312f5d1590 ConcurrentGCThread "G1 Main Marker" [stack: 0x0000006f01400000,0x0000006f01500000] [id=23424]
  0x000002312f5d1eb0 ConcurrentGCThread "G1 Conc#0" [stack: 0x0000006f01500000,0x0000006f01600000] [id=22164]

[error occurred during error reporting (printing all threads), id 0xc0000005, EXCEPTION_ACCESS_VIOLATION (0xc0000005) at pc=0x00007fff00dffe57]

VM state: not at safepoint (not fully initialized)

VM Mutex/Monitor currently owned by a thread:  ([mutex/lock_event])
[0x000002312f5504e0] Heap_lock - owner thread: 0x000002312f555a20

Heap address: 0x000000070a000000, size: 3936 MB, Compressed Oops mode: Zero based, Oop shift amount: 3

CDS archive(s) mapped at: [0x0000000000000000-0x0000000000000000-0x0000000000000000), size 0, SharedBaseAddress: 0x0000000800000000, ArchiveRelocationMode: 0.
Narrow klass base: 0x0000000000000000, Narrow klass shift: 0, Narrow klass range: 0x0

GC Precious Log:
<Empty>

Heap:
 garbage-first heap   total 0K, used 0K [0x000000070a000000, 0x0000000800000000)
  region size 2048K, 0 young (0K), 0 survivors (0K)

[error occurred during error reporting (printing heap information), id 0xc0000005, EXCEPTION_ACCESS_VIOLATION (0xc0000005) at pc=0x00007fff011ecfe9]

GC Heap History (0 events):
No events

Deoptimization events (0 events):
No events

Classes unloaded (0 events):
No events

Classes redefined (0 events):
No events

Internal exceptions (0 events):
No events

VM Operations (0 events):
No events

Events (1 events):
Event: 0.005 Loaded shared library C:\Program Files\JetBrains\JetBrains Rider 2022.2.2\jbr\bin\java.dll


Dynamic libraries:
0x00007ff779520000 - 0x00007ff77952a000 	C:\Program Files\JetBrains\JetBrains Rider 2022.2.2\jbr\bin\java.exe
0x00007fff64fb0000 - 0x00007fff651a8000 	C:\Windows\SYSTEM32\ntdll.dll
0x00007fff63800000 - 0x00007fff638bd000 	C:\Windows\System32\KERNEL32.DLL
0x00007fff62760000 - 0x00007fff62a32000 	C:\Windows\System32\KERNELBASE.dll
0x00007fff62db0000 - 0x00007fff62eb0000 	C:\Windows\System32\ucrtbase.dll
0x00007fff1aed0000 - 0x00007fff1aee7000 	C:\Program Files\JetBrains\JetBrains Rider 2022.2.2\jbr\bin\jli.dll
0x00007fff1d9b0000 - 0x00007fff1d9cb000 	C:\Program Files\JetBrains\JetBrains Rider 2022.2.2\jbr\bin\VCRUNTIME140.dll
0x00007fff64760000 - 0x00007fff648fd000 	C:\Windows\System32\USER32.dll
0x00007fff62c50000 - 0x00007fff62c72000 	C:\Windows\System32\win32u.dll
0x00007fff529f0000 - 0x00007fff52c8a000 	C:\Windows\WinSxS\amd64_microsoft.windows.common-controls_6595b64144ccf1df_6.0.19041.1110_none_60b5254171f9507e\COMCTL32.dll
0x00007fff64730000 - 0x00007fff6475b000 	C:\Windows\System32\GDI32.dll
0x00007fff64a20000 - 0x00007fff64abe000 	C:\Windows\System32\msvcrt.dll
0x00007fff62a40000 - 0x00007fff62b4f000 	C:\Windows\System32\gdi32full.dll
0x00007fff62d10000 - 0x00007fff62dad000 	C:\Windows\System32\msvcp_win.dll
0x00007fff64b20000 - 0x00007fff64b50000 	C:\Windows\System32\IMM32.DLL
0x00007fff21820000 - 0x00007fff2182c000 	C:\Program Files\JetBrains\JetBrains Rider 2022.2.2\jbr\bin\vcruntime140_1.dll
0x00007fff09c10000 - 0x00007fff09c9d000 	C:\Program Files\JetBrains\JetBrains Rider 2022.2.2\jbr\bin\msvcp140.dll
0x00007fff00b10000 - 0x00007fff01779000 	C:\Program Files\JetBrains\JetBrains Rider 2022.2.2\jbr\bin\server\jvm.dll
0x00007fff64960000 - 0x00007fff64a0e000 	C:\Windows\System32\ADVAPI32.dll
0x00007fff63760000 - 0x00007fff637fc000 	C:\Windows\System32\sechost.dll
0x00007fff64240000 - 0x00007fff64365000 	C:\Windows\System32\RPCRT4.dll
0x00007fff63d50000 - 0x00007fff63d58000 	C:\Windows\System32\PSAPI.DLL
0x00007fff49b50000 - 0x00007fff49b59000 	C:\Windows\SYSTEM32\WSOCK32.dll
0x00007fff5f890000 - 0x00007fff5f8b7000 	C:\Windows\SYSTEM32\WINMM.dll
0x00007fff59160000 - 0x00007fff5916a000 	C:\Windows\SYSTEM32\VERSION.dll
0x00007fff64c00000 - 0x00007fff64c6b000 	C:\Windows\System32\WS2_32.dll
0x00007fff60f10000 - 0x00007fff60f22000 	C:\Windows\SYSTEM32\kernel.appcore.dll
0x00007fff5ca30000 - 0x00007fff5ca3a000 	C:\Program Files\JetBrains\JetBrains Rider 2022.2.2\jbr\bin\jimage.dll
0x00007fff5ffd0000 - 0x00007fff601b4000 	C:\Windows\SYSTEM32\DBGHELP.DLL
0x00007fff506e0000 - 0x00007fff5070c000 	C:\Windows\SYSTEM32\dbgcore.DLL
0x00007fff62c80000 - 0x00007fff62d02000 	C:\Windows\System32\bcryptPrimitives.dll
0x00007fff54e70000 - 0x00007fff54e95000 	C:\Program Files\JetBrains\JetBrains Rider 2022.2.2\jbr\bin\java.dll

dbghelp: loaded successfully - version: 4.0.5 - missing functions: none
symbol engine: initialized successfully - sym options: 0x614 - pdb path: .;C:\Program Files\JetBrains\JetBrains Rider 2022.2.2\jbr\bin;C:\Windows\SYSTEM32;C:\Windows\WinSxS\amd64_microsoft.windows.common-controls_6595b64144ccf1df_6.0.19041.1110_none_60b5254171f9507e;C:\Program Files\JetBrains\JetBrains Rider 2022.2.2\jbr\bin\server

VM Arguments:
java_command: git4idea.http.GitAskPassApp Username for 'https://github.com': 
java_class_path (initial): C:/Program Files/JetBrains/JetBrains Rider 2022.2.2/plugins/git4idea/lib/git4idea-rt.jar;C:/Program Files/JetBrains/JetBrains Rider 2022.2.2/lib/externalProcess-rt.jar;C:/Program Files/JetBrains/JetBrains Rider 2022.2.2/lib/app.jar;C:/Program Files/JetBrains/JetBrains Rider 2022.2.2/lib/3rd-party-rt.jar
Launcher Type: SUN_STANDARD

[Global flags]
     intx CICompilerCount                          = 12                                        {product} {ergonomic}
     uint ConcGCThreads                            = 3                                         {product} {ergonomic}
     uint G1ConcRefinementThreads                  = 13                                        {product} {ergonomic}
   size_t G1HeapRegionSize                         = 2097152                                   {product} {ergonomic}
    uintx GCDrainStackTargetSize                   = 64                                        {product} {ergonomic}
   size_t InitialHeapSize                          = 257949696                                 {product} {ergonomic}
   size_t MarkStackSize                            = 4194304                                   {product} {ergonomic}
   size_t MaxHeapSize                              = 4127195136                                {product} {ergonomic}
   size_t MinHeapDeltaBytes                        = 2097152                                   {product} {ergonomic}
   size_t MinHeapSize                              = 8388608                                   {product} {ergonomic}
    uintx NonNMethodCodeHeapSize                   = 7602480                                {pd product} {ergonomic}
    uintx NonProfiledCodeHeapSize                  = 122027880                              {pd product} {ergonomic}
    uintx ProfiledCodeHeapSize                     = 122027880                              {pd product} {ergonomic}
    uintx ReservedCodeCacheSize                    = 251658240                              {pd product} {ergonomic}
     bool SegmentedCodeCache                       = true                                      {product} {ergonomic}
   size_t SoftMaxHeapSize                          = 4127195136                             {manageable} {ergonomic}
     bool UseCompressedClassPointers               = true                           {product lp64_product} {ergonomic}
     bool UseCompressedOops                        = true                           {product lp64_product} {ergonomic}
     bool UseG1GC                                  = true                                      {product} {ergonomic}
     bool UseLargePagesIndividualAllocation        = false                                  {pd product} {ergonomic}

Logging:
Log output configuration:
 #0: stdout all=warning uptime,level,tags
 #1: stderr all=off uptime,level,tags

Environment Variables:
JAVA_HOME=C:\Users\mateu\.jdks\openjdk-17.0.2
CLASSPATH=.;
PATH=C:\Program Files\Git\mingw64\libexec\git-core;C:\Program Files\Git\mingw64\libexec\git-core;C:\Program Files\Git\mingw64\bin;C:\Program Files\Git\usr\bin;C:\Users\mateu\bin;C:\Program Files\Common Files\Oracle\Java\javapath;C:\Windows\system32;C:\Windows;C:\Windows\System32\Wbem;C:\Windows\System32\WindowsPowerShell\v1.0;C:\Windows\System32\OpenSSH;C:\Users\mateu\.jdks\openjdk-17.0.2\bin;C:\Program Files\Git\cmd;C:\Users\mateu\OneDrive\Desktop\SEM 3\SDJ3\Maven\apache-maven-3.8.6\bin;C:\Program Files\dotnet;C:\Program Files\Microchip\xc8\v2.36\bin;C:\Program Files\Erlang OTP\bin;.;C:\Program Files\RabbitMQ\rabbitmq_server-3.11.2\sbin";C:\Users\mateu\AppData\Local\Microsoft\WindowsApps;C:\Users\mateu\AppData\Local\Programs\Microsoft VS Code\bin;C:\Program Files\PostgreSQL\14\bin;C:\Program Files\JetBrains\JetBrains Rider 2022.2.2\bin;C:\Users\mateu\.dotnet\tools;C:\Program Files\JetBrains\IntelliJ IDEA 2022.2.2\bin
USERNAME=mateu
DISPLAY=:0.0
LC_ALL=en_US.UTF-8
TERM=cygwin
TMPDIR=C:\Users\mateu\AppData\Local\Temp
OS=Windows_NT
PROCESSOR_IDENTIFIER=AMD64 Family 23 Model 96 Stepping 1, AuthenticAMD
TMP=C:\Users\mateu\AppData\Local\Temp
TEMP=C:\Users\mateu\AppData\Local\Temp



---------------  S Y S T E M  ---------------

OS:
 Windows 10 , 64 bit Build 19041 (10.0.19041.1889)
OS uptime: 28 days 2:15 hours

CPU: total 16 (initial active 16) (16 cores per cpu, 2 threads per core) family 23 model 96 stepping 1 microcode 0x0, cx8, cmov, fxsr, ht, mmx, 3dnowpref, sse, sse2, sse3, ssse3, sse4a, sse4.1, sse4.2, popcnt, lzcnt, tsc, tscinvbit, avx, avx2, aes, clmul, bmi1, bmi2, adx, sha, fma, vzeroupper, clflush, clflushopt

Memory: 4k page, system-wide physical 15741M (1611M free)
TotalPageFile size 21720M (AvailPageFile size 106M)
current process WorkingSet (physical memory assigned to process): 10M, peak: 10M
current process commit charge ("private bytes"): 70M, peak: 316M

vm_info: OpenJDK 64-Bit Server VM (17.0.4+7-b469.44) for windows-amd64 JRE (17.0.4+7-b469.44), built on 2022-08-12 by "builduser" with MS VC++ 16.10 / 16.11 (VS2019)

END.
